<?xml version="1.0" encoding="UTF-8"?>
<testng-results skipped="0" failed="0" total="2" passed="2">
  <reporter-output>
  </reporter-output>
  <suite name="Default suite" duration-ms="12756" started-at="2021-06-24T08:31:43Z" finished-at="2021-06-24T08:31:56Z">
    <groups>
    </groups>
    <test name="Default test" duration-ms="12756" started-at="2021-06-24T08:31:43Z" finished-at="2021-06-24T08:31:56Z">
      <class name="Test.TestAPI">
        <test-method status="PASS" signature="setup()[pri:0, instance:Test.TestAPI@c4039c]" name="setup" is-config="true" duration-ms="7165" started-at="2021-06-24T14:01:43Z" finished-at="2021-06-24T14:01:50Z">
          <reporter-output>
          </reporter-output>
        </test-method> <!-- setup -->
        <test-method status="PASS" signature="getallusers()[pri:0, instance:Test.TestAPI@c4039c]" name="getallusers" duration-ms="3581" started-at="2021-06-24T14:01:50Z" finished-at="2021-06-24T14:01:54Z">
          <reporter-output>
          </reporter-output>
        </test-method> <!-- getallusers -->
        <test-method status="PASS" signature="deleteuser()[pri:1, instance:Test.TestAPI@c4039c]" name="deleteuser" duration-ms="1993" started-at="2021-06-24T14:01:54Z" finished-at="2021-06-24T14:01:56Z">
          <reporter-output>
          </reporter-output>
        </test-method> <!-- deleteuser -->
      </class> <!-- Test.TestAPI -->
    </test> <!-- Default test -->
  </suite> <!-- Default suite -->
</testng-results>
